2026-01-22 19:39:51.535+0000 INFO  [o.n.g.f.m.GlobalModule] Logging config in use: File '/var/lib/neo4j/conf/server-logs.xml'
2026-01-22 19:39:51.703+0000 WARN  [o.n.k.i.JvmChecker] The max heap memory has not been configured. It is recommended that it is always explicitly configured, to ensure the system has a balanced configuration. Until then, a JVM computed heuristic of 2055208960 bytes is used instead. If you are running neo4j server, you need to configure server.memory.heap.max_size in neo4j.conf. If you are running neo4j embedded, you have to launch the JVM with -Xmx set to a value. You can run neo4j-admin server memory-recommendation for memory configuration suggestions.
2026-01-22 19:39:51.704+0000 WARN  [o.n.k.i.JvmChecker] The initial heap memory has not been configured. It is recommended that it is always explicitly configured, to ensure the system has a balanced configuration. Until then, a JVM computed heuristic of 130023424 bytes is used instead. If you are running neo4j server, you need to configure server.memory.heap.initial_size in neo4j.conf. If you are running neo4j embedded, you have to launch the JVM with -Xms set to a value. You can run neo4j-admin server memory-recommendation for memory configuration suggestions.
2026-01-22 19:39:52.227+0000 INFO  [o.n.i.d.DiagnosticsManager] 
                                                                ********************************************************************************
                                                                                             [ System diagnostics ]                             
                                                                ********************************************************************************
                                                                --------------------------------------------------------------------------------
                                                                                         [ System memory information ]                          
                                                                --------------------------------------------------------------------------------
                                                                Total Physical memory: 7.654GiB
                                                                Free Physical memory: 519.9MiB
                                                                Committed virtual memory: 5.203GiB
                                                                Total swap space: 2.000GiB
                                                                Free swap space: 202.1MiB
                                                                
                                                                --------------------------------------------------------------------------------
                                                                                           [ JVM memory information ]                           
                                                                --------------------------------------------------------------------------------
                                                                Free  memory: 71.25MiB
                                                                Total memory: 100.0MiB
                                                                Max   memory: 1.914GiB
                                                                Garbage Collector: G1 Young Generation: [G1 Eden Space, G1 Survivor Space, G1 Old Gen]
                                                                Garbage Collector: G1 Old Generation: [G1 Eden Space, G1 Survivor Space, G1 Old Gen]
                                                                Memory Pool: CodeHeap 'non-nmethods' (Non-heap memory): committed=2.438MiB, used=1.223MiB, max=5.566MiB, threshold=0B
                                                                Memory Pool: Metaspace (Non-heap memory): committed=21.75MiB, used=21.47MiB, max=-1B, threshold=0B
                                                                Memory Pool: CodeHeap 'profiled nmethods' (Non-heap memory): committed=5.500MiB, used=5.463MiB, max=117.2MiB, threshold=0B
                                                                Memory Pool: Compressed Class Space (Non-heap memory): committed=2.438MiB, used=2.301MiB, max=1.000GiB, threshold=0B
                                                                Memory Pool: G1 Eden Space (Heap memory): committed=62.00MiB, used=2.000MiB, max=-1B, threshold=?
                                                                Memory Pool: G1 Old Gen (Heap memory): committed=35.00MiB, used=23.24MiB, max=1.914GiB, threshold=0B
                                                                Memory Pool: G1 Survivor Space (Heap memory): committed=3.000MiB, used=3.000MiB, max=-1B, threshold=?
                                                                Memory Pool: CodeHeap 'non-profiled nmethods' (Non-heap memory): committed=2.438MiB, used=1.473MiB, max=117.2MiB, threshold=0B
                                                                
                                                                --------------------------------------------------------------------------------
                                                                                        [ Operating system information ]                        
                                                                --------------------------------------------------------------------------------
                                                                Operating System: Linux; version: 6.8.0-90-generic; arch: amd64; cpus: 4
                                                                Max number of file descriptors: 524288
                                                                Number of open file descriptors: 192
                                                                Process id: 7
                                                                Byte order: LITTLE_ENDIAN
                                                                Local timezone: Etc/UTC
                                                                Memory page size: 4096
                                                                Unaligned memory access allowed: true
                                                                
                                                                --------------------------------------------------------------------------------
                                                                                              [ JVM information ]                               
                                                                --------------------------------------------------------------------------------
                                                                VM Name: OpenJDK 64-Bit Server VM
                                                                VM Vendor: Eclipse Adoptium
                                                                VM Version: 17.0.8.1+1
                                                                JIT compiler: HotSpot 64-Bit Tiered Compilers
                                                                VM Arguments: [-XX:+UseG1GC, -XX:-OmitStackTraceInFastThrow, -XX:+AlwaysPreTouch, -XX:+UnlockExperimentalVMOptions, -XX:+TrustFinalNonStaticFields, -XX:+DisableExplicitGC, -Djdk.nio.maxCachedBufferSize=1024, -Dio.netty.tryReflectionSetAccessible=true, -Djdk.tls.ephemeralDHKeySize=2048, -Djdk.tls.rejectClientInitiatedRenegotiation=true, -XX:FlightRecorderOptions=stackdepth=256, -XX:+UnlockDiagnosticVMOptions, -XX:+DebugNonSafepoints, --add-opens=java.base/java.nio=ALL-UNNAMED, --add-opens=java.base/java.io=ALL-UNNAMED, --add-opens=java.base/sun.nio.ch=ALL-UNNAMED, -Dlog4j2.disable.jmx=true, -Dfile.encoding=UTF-8]
                                                                
                                                                --------------------------------------------------------------------------------
                                                                                               [ Java classpath ]                               
                                                                --------------------------------------------------------------------------------
                                                                 [classpath] /var/lib/neo4j/lib/neo4j-cypher-planner-5.12.0.jar
                                                                 [classpath] /var/lib/neo4j/lib/shiro-config-core-1.12.0.jar
                                                                 [classpath] /var/lib/neo4j/lib/commons-lang3-3.13.0.jar
                                                                 [classpath] /var/lib/neo4j/lib/neo4j-procedure-api-5.12.0.jar
                                                                 [classpath] /var/lib/neo4j/lib/neo4j-5.12.0.jar
                                                                 [classpath] /var/lib/neo4j/lib/lucene-core-9.7.0.jar
                                                                 [classpath] /var/lib/neo4j/lib/netty-codec-4.1.96.Final.jar
                                                                 [classpath] /var/lib/neo4j/lib/jetty-xml-10.0.15.jar
                                                                 [classpath] /var/lib/neo4j/lib/neo4j-monitoring-5.12.0.jar
                                                                 [classpath] /var/lib/neo4j/lib/neo4j-cypher-planner-spi-5.12.0.jar
                                                                 [classpath] /var/lib/neo4j/lib/jPowerShell-3.0.jar
                                                                 [classpath] /var/lib/neo4j/lib/neo4j-values-5.12.0.jar
                                                                 [classpath] /var/lib/neo4j/lib/neo4j-import-tool-5.12.0.jar
                                                                 [classpath] /var/lib/neo4j/lib/netty-tcnative-classes-2.0.61.Final.jar
                                                                 [classpath] /var/lib/neo4j/lib/server-api-5.12.0.jar
                                                                 [classpath] /var/lib/neo4j/lib/neo4j-resource-5.12.0.jar
                                                                 [classpath] /var/lib/neo4j/lib/mercator_2.13-0.2.1.jar
                                                                 [classpath] /var/lib/neo4j/lib/jaxb-runtime-2.3.2.jar
                                                                 [classpath] /var/lib/neo4j/lib/reactive-streams-1.0.4.jar
                                                                 [classpath] /var/lib/neo4j/lib/neo4j-security-5.12.0.jar
                                                                 [classpath] /var/lib/neo4j/lib/neo4j-command-line-5.12.0.jar
                                                                 [classpath] /var/lib/neo4j/lib/neo4j-cypher-runtime-util-5.12.0.jar
                                                                 [classpath] /var/lib/neo4j/lib/neo4j-procedure-5.12.0.jar
                                                                 [classpath] /var/lib/neo4j/lib/neo4j-record-storage-engine-5.12.0.jar
                                                                 [classpath] /var/lib/neo4j/lib/shiro-crypto-hash-1.12.0.jar
                                                                 [classpath] /var/lib/neo4j/lib/javassist-3.25.0-GA.jar
                                                                 [classpath] /var/lib/neo4j/lib/neo4j-dbms-5.12.0.jar
                                                                 [classpath] /var/lib/neo4j/lib/jersey-container-servlet-2.34.jar
                                                                 [classpath] /var/lib/neo4j/lib/commons-configuration2-2.9.0.jar
                                                                 [classpath] /var/lib/neo4j/lib/scala-library-2.13.11.jar
                                                                 [classpath] /var/lib/neo4j/lib/neo4j-io-5.12.0.jar
                                                                 [classpath] /var/lib/neo4j/lib/neo4j-push-to-cloud-5.12.0.jar
                                                                 [classpath] /var/lib/neo4j/lib/neo4j-csv-5.12.0.jar
                                                                 [classpath] /var/lib/neo4j/lib/cypher-literal-interpreter-5.12.0.jar
                                                                 [classpath] /var/lib/neo4j/lib/netty-transport-4.1.96.Final.jar
                                                                 [classpath] /var/lib/neo4j/lib/netty-transport-native-epoll-4.1.96.Final-linux-x86_64.jar
                                                                 [classpath] /var/lib/neo4j/conf/*
                                                                 [classpath] /var/lib/neo4j/lib/netty-transport-native-kqueue-4.1.96.Final-osx-aarch_64.jar
                                                                 [classpath] /var/lib/neo4j/lib/jetty-webapp-10.0.15.jar
                                                                 [classpath] /var/lib/neo4j/lib/WMI4Java-1.6.3.jar
                                                                 [classpath] /var/lib/neo4j/lib/neo4j-configuration-5.12.0.jar
                                                                 [classpath] /var/lib/neo4j/lib/neo4j-kernel-api-5.12.0.jar
                                                                 [classpath] /var/lib/neo4j/lib/jakarta.xml.bind-api-2.3.2.jar
                                                                 [classpath] /var/lib/neo4j/lib/neo4j-lock-5.12.0.jar
                                                                 [classpath] /var/lib/neo4j/lib/netty-transport-native-kqueue-4.1.96.Final-osx-x86_64.jar
                                                                 [classpath] /var/lib/neo4j/lib/neo4j-consistency-check-5.12.0.jar
                                                                 [classpath] /var/lib/neo4j/lib/jProcesses-1.6.5.jar
                                                                 [classpath] /var/lib/neo4j/lib/commons-collections-3.2.2.jar
                                                                 [classpath] /var/lib/neo4j/lib/jetty-http-10.0.15.jar
                                                                 [classpath] /var/lib/neo4j/lib/hk2-locator-2.6.1.jar
                                                                 [classpath] /var/lib/neo4j/lib/jersey-common-2.34.jar
                                                                 [classpath] /var/lib/neo4j/lib/neo4j-cypher-5.12.0.jar
                                                                 [classpath] /var/lib/neo4j/lib/neo4j-util-5.12.0.jar
                                                                 [classpath] /var/lib/neo4j/lib/neo4j-lucene-index-5.12.0.jar
                                                                 [classpath] /var/lib/neo4j/lib/neo4j-expressions-5.12.0.jar
                                                                 [classpath] /var/lib/neo4j/lib/jetty-io-10.0.15.jar
                                                                 [classpath] /var/lib/neo4j/lib/neo4j-collections-5.12.0.jar
                                                                 [classpath] /var/lib/neo4j/lib/jackson-annotations-2.15.2.jar
                                                                 [classpath] /var/lib/neo4j/lib/eclipse-collections-api-11.1.0.jar
                                                                 [classpath] /var/lib/neo4j/lib/neo4j-ast-5.12.0.jar
                                                                 [classpath] /var/lib/neo4j/lib/jersey-container-servlet-core-2.34.jar
                                                                 [classpath] /var/lib/neo4j/lib/neo4j-data-collector-5.12.0.jar
                                                                 [classpath] /var/lib/neo4j/lib/commons-text-1.10.0.jar
                                                                 [classpath] /var/lib/neo4j/lib/shiro-event-1.12.0.jar
                                                                 [classpath] /var/lib/neo4j/lib/jansi-2.4.0.jar
                                                                 [classpath] /var/lib/neo4j/lib/netty-handler-4.1.96.Final.jar
                                                                 [classpath] /var/lib/neo4j/lib/shiro-lang-1.12.0.jar
                                                                 [classpath] /var/lib/neo4j/lib/neo4j-storage-engine-util-5.12.0.jar
                                                                 [classpath] /var/lib/neo4j/lib/neo4j-codegen-5.12.0.jar
                                                                 [classpath] /var/lib/neo4j/lib/neo4j-bolt-5.12.0.jar
                                                                 [classpath] /var/lib/neo4j/lib/ipaddress-5.4.0.jar
                                                                 [classpath] /var/lib/neo4j/lib/jline-terminal-3.21.0.jar
                                                                 [classpath] /var/lib/neo4j/lib/neo4j-bootcheck-5.12.0.jar
                                                                 [classpath] /var/lib/neo4j/lib/neo4j-cypher-cache-5.12.0.jar
                                                                 [classpath] /var/lib/neo4j/lib/neo4j-native-5.12.0.jar
                                                                 [classpath] /var/lib/neo4j/lib/shiro-cache-1.12.0.jar
                                                                 [classpath] /var/lib/neo4j/lib/neo4j-cypher-slotted-runtime-5.12.0.jar
                                                                 [classpath] /var/lib/neo4j/lib/neo4j-cypher-dsl-2023.5.0.jar
                                                                 [classpath] /var/lib/neo4j/lib/neo4j-wal-5.12.0.jar
                                                                 [classpath] /var/lib/neo4j/lib/jetty-security-10.0.15.jar
                                                                 [classpath] /var/lib/neo4j/lib/neo4j-java-driver-5.11.0.jar
                                                                 [classpath] /var/lib/neo4j/lib/netty-transport-classes-epoll-4.1.96.Final.jar
                                                                 [classpath] /var/lib/neo4j/lib/neo4j-query-router-5.12.0.jar
                                                                 [classpath] /var/lib/neo4j/lib/kiama_2.13-2.5.1.jar
                                                                 [classpath] /var/lib/neo4j/lib/jakarta.ws.rs-api-2.1.6.jar
                                                                 [classpath] /var/lib/neo4j/lib/shiro-crypto-cipher-1.12.0.jar
                                                                 [classpath] /var/lib/neo4j/lib/reactor-core-3.5.8.jar
                                                                 [classpath] /var/lib/neo4j/lib/jline-terminal-jansi-3.21.0.jar
                                                                 [classpath] /var/lib/neo4j/lib/lucene-queryparser-9.7.0.jar
                                                                 [classpath] /var/lib/neo4j/lib/hk2-api-2.6.1.jar
                                                                 [classpath] /var/lib/neo4j/lib/jetty-util-10.0.15.jar
                                                                 [classpath] /var/lib/neo4j/lib/neo4j-front-end-5.12.0.jar
                                                                 [classpath] /var/lib/neo4j/lib/neo4j-browser-5.11.0.jar
                                                                 [classpath] /var/lib/neo4j/lib/cypher-ast-factory-5.12.0.jar
                                                                 [classpath] /var/lib/neo4j/lib/neo4j-kernel-5.12.0.jar
                                                                 [classpath] /var/lib/neo4j/lib/netty-transport-native-unix-common-4.1.96.Final.jar
                                                                 [classpath] /var/lib/neo4j/lib/neo4j-layout-5.12.0.jar
                                                                 [classpath] /var/lib/neo4j/lib/neo4j-unsafe-5.12.0.jar
                                                                 [classpath] /var/lib/neo4j/lib/commons-compress-1.23.0.jar
                                                                 [classpath] /var/lib/neo4j/lib/neo4j-cypher-expression-evaluator-5.12.0.jar
                                                                 [classpath] /var/lib/neo4j/lib/istack-commons-runtime-3.0.8.jar
                                                                 [classpath] /var/lib/neo4j/lib/neo4j-import-util-5.12.0.jar
                                                                 [classpath] /var/lib/neo4j/lib/jackson-jaxrs-json-provider-2.15.2.jar
                                                                 [classpath] /var/lib/neo4j/lib/neo4j-rewriting-5.12.0.jar
                                                                 [classpath] /var/lib/neo4j/lib/jetty-servlet-api-4.0.6.jar
                                                                 [classpath] /var/lib/neo4j/lib/eclipse-collections-11.1.0.jar
                                                                 [classpath] /var/lib/neo4j/lib/neo4j-graph-algo-5.12.0.jar
                                                                 [classpath] /var/lib/neo4j/lib/shiro-crypto-core-1.12.0.jar
                                                                 [classpath] /var/lib/neo4j/lib/neo4j-cypher-javacc-parser-5.12.0.jar
                                                                 [classpath] /var/lib/neo4j/lib/netty-transport-classes-kqueue-4.1.96.Final.jar
                                                                 [classpath] /var/lib/neo4j/lib/neo4j-cypher-config-5.12.0.jar
                                                                 [classpath] /var/lib/neo4j/lib/neo4j-fabric-5.12.0.jar
                                                                 [classpath] /var/lib/neo4j/lib/netty-resolver-4.1.96.Final.jar
                                                                 [classpath] /var/lib/neo4j/lib/slf4j-api-2.0.7.jar
                                                                 [classpath] /var/lib/neo4j/lib/neo4j-ssl-5.12.0.jar
                                                                 [classpath] /var/lib/neo4j/lib/neo4j-graphdb-api-5.12.0.jar
                                                                 [classpath] /var/lib/neo4j/lib/neo4j-slf4j-provider-5.12.0.jar
                                                                 [classpath] /var/lib/neo4j/lib/jetty-server-10.0.15.jar
                                                                 [classpath] /var/lib/neo4j/lib/shiro-config-ogdl-1.12.0.jar
                                                                 [classpath] /var/lib/neo4j/lib/jackson-jaxrs-base-2.15.2.jar
                                                                 [classpath] /var/lib/neo4j/lib/jakarta.activation-api-1.2.2.jar
                                                                 [classpath] /var/lib/neo4j/plugins/*
                                                                 [classpath] /var/lib/neo4j/lib/neo4j-cypher-macros-5.12.0.jar
                                                                 [classpath] /var/lib/neo4j/lib/jakarta.validation-api-2.0.2.jar
                                                                 [classpath] /var/lib/neo4j/lib/neo4j-diagnostics-5.12.0.jar
                                                                 [classpath] /var/lib/neo4j/lib/magnolia_2.13-0.17.0.jar
                                                                 [classpath] /var/lib/neo4j/lib/neo4j-fulltext-index-5.12.0.jar
                                                                 [classpath] /var/lib/neo4j/lib/netty-transport-native-epoll-4.1.96.Final-linux-aarch_64.jar
                                                                 [classpath] /var/lib/neo4j/lib/jctools-core-4.0.1.jar
                                                                 [classpath] /var/lib/neo4j/lib/neo4j-exceptions-5.12.0.jar
                                                                 [classpath] /var/lib/neo4j/lib/jettison-1.5.4.jar
                                                                 [classpath] /var/lib/neo4j/lib/cypher-shell-5.12.0.jar
                                                                 [classpath] /var/lib/neo4j/lib/picocli-4.7.4.jar
                                                                 [classpath] /var/lib/neo4j/lib/jakarta.inject-2.6.1.jar
                                                                 [classpath] /var/lib/neo4j/lib/hk2-utils-2.6.1.jar
                                                                 [classpath] /var/lib/neo4j/lib/stax-ex-1.8.1.jar
                                                                 [classpath] /var/lib/neo4j/lib/neo4j-cypher-interpreted-runtime-5.12.0.jar
                                                                 [classpath] /var/lib/neo4j/lib/neo4j-concurrent-5.12.0.jar
                                                                 [classpath] /var/lib/neo4j/lib/txw2-2.3.2.jar
                                                                 [classpath] /var/lib/neo4j/lib/neo4j-server-5.12.0.jar
                                                                 [classpath] /var/lib/neo4j/lib/neo4j-token-api-5.12.0.jar
                                                                 [classpath] /var/lib/neo4j/lib/log4j-api-2.20.0.jar
                                                                 [classpath] /var/lib/neo4j/lib/netty-buffer-4.1.96.Final.jar
                                                                 [classpath] /var/lib/neo4j/lib/jline-reader-3.21.0.jar
                                                                 [classpath] /var/lib/neo4j/lib/FastInfoset-1.2.16.jar
                                                                 [classpath] /var/lib/neo4j/lib/neo4j-index-5.12.0.jar
                                                                 [classpath] /var/lib/neo4j/lib/neo4j-cypher-ir-5.12.0.jar
                                                                 [classpath] /var/lib/neo4j/lib/argparse4j-0.9.0.jar
                                                                 [classpath] /var/lib/neo4j/lib/log4j-core-2.20.0.jar
                                                                 [classpath] /var/lib/neo4j/lib/commons-logging-1.2.jar
                                                                 [classpath] /var/lib/neo4j/lib/jna-5.13.0.jar
                                                                 [classpath] /var/lib/neo4j/lib/neo4j-capabilities-5.12.0.jar
                                                                 [classpath] /var/lib/neo4j/lib/jackson-core-2.15.2.jar
                                                                 [classpath] /var/lib/neo4j/lib/lucene-analysis-common-9.7.0.jar
                                                                 [classpath] /var/lib/neo4j/lib/netty-codec-http-4.1.96.Final.jar
                                                                 [classpath] /var/lib/neo4j/lib/neo4j-cypher-logical-plans-5.12.0.jar
                                                                 [classpath] /var/lib/neo4j/lib/neo4j-spatial-index-5.12.0.jar
                                                                 [classpath] /var/lib/neo4j/lib/commons-io-2.13.0.jar
                                                                 [classpath] /var/lib/neo4j/lib/jetty-servlet-10.0.15.jar
                                                                 [classpath] /var/lib/neo4j/lib/annotations-5.12.0.jar
                                                                 [classpath] /var/lib/neo4j/lib/jackson-databind-2.15.2.jar
                                                                 [classpath] /var/lib/neo4j/lib/zstd-jni-1.5.5-5.jar
                                                                 [classpath] /var/lib/neo4j/lib/scala-reflect-2.13.11.jar
                                                                 [classpath] /var/lib/neo4j/lib/neo4j-schema-5.12.0.jar
                                                                 [classpath] /var/lib/neo4j/lib/neo4j-logging-5.12.0.jar
                                                                 [classpath] /var/lib/neo4j/lib/neo4j-common-5.12.0.jar
                                                                 [classpath] /var/lib/neo4j/lib/jakarta.annotation-api-1.3.5.jar
                                                                 [classpath] /var/lib/neo4j/lib/shiro-core-1.12.0.jar
                                                                 [classpath] /var/lib/neo4j/lib/lucene-backward-codecs-9.7.0.jar
                                                                 [classpath] /var/lib/neo4j/lib/caffeine-3.1.7.jar
                                                                 [classpath] /var/lib/neo4j/lib/neo4j-cypher-ast-factory-5.12.0.jar
                                                                 [classpath] /var/lib/neo4j/lib/neo4j-id-generator-5.12.0.jar
                                                                 [classpath] /var/lib/neo4j/lib/jackson-module-jaxb-annotations-2.15.2.jar
                                                                 [classpath] /var/lib/neo4j/lib/netty-common-4.1.96.Final.jar
                                                                 [classpath] /var/lib/neo4j/lib/log4j-layout-template-json-2.20.0.jar
                                                                 [classpath] /var/lib/neo4j/lib/jersey-server-2.34.jar
                                                                 [classpath] /var/lib/neo4j/lib/commons-beanutils-1.9.4.jar
                                                                 [classpath] /var/lib/neo4j/lib/neo4j-cypher-physical-planning-5.12.0.jar
                                                                 [classpath] /var/lib/neo4j/lib/scala-collection-contrib_2.13-0.3.0.jar
                                                                 [classpath] /var/lib/neo4j/lib/zstd-proxy-5.12.0.jar
                                                                 [classpath] /var/lib/neo4j/lib/jersey-client-2.34.jar
                                                                 [classpath] /var/lib/neo4j/lib/jersey-hk2-2.34.jar
                                                                
                                                                --------------------------------------------------------------------------------
                                                                                                [ Library path ]                                
                                                                --------------------------------------------------------------------------------
                                                                /usr/java/packages/lib
                                                                /usr/lib64
                                                                /lib64
                                                                /lib
                                                                /usr/lib
                                                                
                                                                --------------------------------------------------------------------------------
                                                                                             [ System properties ]                              
                                                                --------------------------------------------------------------------------------
                                                                jdk.tls.rejectClientInitiatedRenegotiation = true
                                                                sun.jnu.encoding = ANSI_X3.4-1968
                                                                sun.arch.data.model = 64
                                                                user.timezone = Etc/UTC
                                                                sun.java.launcher = SUN_STANDARD
                                                                user.country = US
                                                                sun.boot.library.path = /opt/java/openjdk/lib
                                                                sun.java.command = org.neo4j.server.CommunityEntryPoint --home-dir=/var/lib/neo4j --config-dir=/var/lib/neo4j/conf --console-mode
                                                                jdk.debug = release
                                                                io.netty.tryReflectionSetAccessible = true
                                                                sun.cpu.endian = little
                                                                user.home = /var/lib/neo4j
                                                                user.language = en
                                                                file.separator = /
                                                                jdk.tls.ephemeralDHKeySize = 2048
                                                                sun.management.compiler = HotSpot 64-Bit Tiered Compilers
                                                                user.name = neo4j
                                                                jdk.nio.maxCachedBufferSize = 1024
                                                                path.separator = :
                                                                file.encoding = UTF-8
                                                                jnidispatch.path = /var/lib/neo4j/.cache/JNA/temp/jna4918155550505067894.tmp
                                                                jna.loaded = true
                                                                user.dir = /var/lib/neo4j
                                                                native.encoding = ANSI_X3.4-1968
                                                                sun.io.unicode.encoding = UnicodeLittle
                                                                log4j2.disable.jmx = true
                                                                
                                                                --------------------------------------------------------------------------------
                                                                                      [ (IANA) TimeZone database version ]                      
                                                                --------------------------------------------------------------------------------
                                                                  TimeZone version: 2023c (available for 603 zone identifiers)
                                                                
                                                                --------------------------------------------------------------------------------
                                                                                            [ Network information ]                             
                                                                --------------------------------------------------------------------------------
                                                                Interface eth0:
                                                                    address: 172.23.0.2
                                                                Interface lo:
                                                                    address: 0:0:0:0:0:0:0:1%lo
                                                                    address: 127.0.0.1
                                                                
                                                                --------------------------------------------------------------------------------
                                                                                         [ Native access information ]                          
                                                                --------------------------------------------------------------------------------
                                                                Native access details: Linux native access is available.
                                                                
                                                                --------------------------------------------------------------------------------
                                                                                                [ DBMS config ]                                 
                                                                --------------------------------------------------------------------------------
                                                                DBMS provided settings:
                                                                server.bolt.enabled=true
                                                                server.default_listen_address=0.0.0.0
                                                                server.directories.import=/var/lib/neo4j/import
                                                                server.directories.logs=/logs
                                                                server.directories.neo4j_home=/var/lib/neo4j
                                                                server.http.enabled=true
                                                                server.https.enabled=false
                                                                server.jvm.additional=-XX:+UseG1GC
-XX:-OmitStackTraceInFastThrow
-XX:+AlwaysPreTouch
-XX:+UnlockExperimentalVMOptions
-XX:+TrustFinalNonStaticFields
-XX:+DisableExplicitGC
-Djdk.nio.maxCachedBufferSize=1024
-Dio.netty.tryReflectionSetAccessible=true
-Djdk.tls.ephemeralDHKeySize=2048
-Djdk.tls.rejectClientInitiatedRenegotiation=true
-XX:FlightRecorderOptions=stackdepth=256
-XX:+UnlockDiagnosticVMOptions
-XX:+DebugNonSafepoints
--add-opens=java.base/java.nio=ALL-UNNAMED
--add-opens=java.base/java.io=ALL-UNNAMED
--add-opens=java.base/sun.nio.ch=ALL-UNNAMED
-Dlog4j2.disable.jmx=true
                                                                server.memory.pagecache.size=512.00MiB
                                                                server.windows_service_name=neo4j
                                                                Directories in use:
                                                                server.directories.data=/var/lib/neo4j/data
                                                                server.directories.dumps.root=/var/lib/neo4j/data/dumps
                                                                server.directories.import=/var/lib/neo4j/import
                                                                server.directories.lib=/var/lib/neo4j/lib
                                                                server.directories.licenses=/var/lib/neo4j/licenses
                                                                server.directories.logs=/logs
                                                                server.directories.neo4j_home=/var/lib/neo4j
                                                                server.directories.plugins=/var/lib/neo4j/plugins
                                                                server.directories.run=/var/lib/neo4j/run
                                                                server.directories.script.root=/var/lib/neo4j/data/scripts
                                                                server.directories.transaction.logs.root=/var/lib/neo4j/data/transactions
                                                                
                                                                --------------------------------------------------------------------------------
                                                                                                 [ Packaging ]                                  
                                                                --------------------------------------------------------------------------------
                                                                Edition: Community
                                                                Package Type: tar
                                                                
2026-01-22 19:39:52.313+0000 INFO  [o.n.d.i.DefaultIdentityModule] Found ServerId on disk: ServerId{485de3b9} (485de3b9-f08e-4406-82b8-ce1b7c8c6503)
2026-01-22 19:39:52.314+0000 INFO  [o.n.d.i.DefaultIdentityModule] This instance is ServerId{485de3b9} (485de3b9-f08e-4406-82b8-ce1b7c8c6503)
2026-01-22 19:39:53.713+0000 INFO  [o.n.s.CommunityNeoWebServer] ======== Neo4j 5.12.0 ========
2026-01-22 19:39:53.753+0000 INFO  [o.n.d.d.DatabaseLifecycles] Creating 'DatabaseId{00000000[system]}'.
2026-01-22 19:39:53.912+0000 INFO  [o.n.b.BoltServer] Using connector transport epoll
2026-01-22 19:39:53.991+0000 INFO  [o.n.b.BoltServer] Configured external Bolt connector with listener address /0.0.0.0:7687
2026-01-22 19:39:53.991+0000 INFO  [o.n.b.BoltServer] Bolt server loaded
2026-01-22 19:39:54.022+0000 INFO  [o.n.d.d.DatabaseLifecycles] Starting 'DatabaseId{00000000[system]}'.
2026-01-22 19:39:54.427+0000 INFO  [o.n.k.i.t.l.f.c.CheckpointLogFile] [system/00000000] Scanning log file with version 0 for checkpoint entries
2026-01-22 19:39:54.557+0000 INFO  [o.n.k.i.s.f.RecordFormatSelector] [system/00000000] Selected RecordFormat:PageAlignedV5_0[aligned-1.1] record format from store /data/databases/system
2026-01-22 19:39:54.557+0000 INFO  [o.n.k.i.s.f.RecordFormatSelector] [system/00000000] Selected format from the store files: RecordFormat:PageAlignedV5_0[aligned-1.1]
2026-01-22 19:39:55.497+0000 INFO  [o.n.i.d.DiagnosticsManager] [system/00000000] 
                                                                [system/00000000] ********************************************************************************
                                                                [system/00000000]                               [ Database: system ]                              
                                                                [system/00000000] ********************************************************************************
                                                                [system/00000000] --------------------------------------------------------------------------------
                                                                [system/00000000]                                   [ Version ]                                   
                                                                [system/00000000] --------------------------------------------------------------------------------
                                                                [system/00000000] DBMS: community record-aligned-1.1
                                                                [system/00000000] Kernel version: 5.12.0
                                                                [system/00000000] 
                                                                [system/00000000] --------------------------------------------------------------------------------
                                                                [system/00000000]                                 [ Store files ]                                 
                                                                [system/00000000] --------------------------------------------------------------------------------
                                                                [system/00000000] Disk space on partition (Total / Free / Free %): 244459401216 / 18296008704 / 7
                                                                [system/00000000] Storage files stored on file store: ext4
                                                                [system/00000000] Storage files: (filename : modification date - size)
                                                                [system/00000000]   database_lock: 2026-01-22 04:58:33.539+0000 - 0B
                                                                [system/00000000]   id-buffer.tmp.0: 2026-01-22 04:58:33.504+0000 - 0B
                                                                [system/00000000]   neostore: 2026-01-22 04:58:33.537+0000 - 8.000KiB
                                                                [system/00000000]   neostore.counts.db: 2026-01-22 19:39:55.209+0000 - 48.00KiB
                                                                [system/00000000]   neostore.indexstats.db: 2026-01-22 19:39:55.263+0000 - 48.00KiB
                                                                [system/00000000]   neostore.labeltokenstore.db: 2026-01-22 04:58:33.535+0000 - 8.000KiB
                                                                [system/00000000]   neostore.labeltokenstore.db.id: 2026-01-22 19:39:55.133+0000 - 40.00KiB
                                                                [system/00000000]   neostore.labeltokenstore.db.names: 2026-01-22 04:58:33.534+0000 - 8.000KiB
                                                                [system/00000000]   neostore.labeltokenstore.db.names.id: 2026-01-22 19:39:55.112+0000 - 40.00KiB
                                                                [system/00000000]   neostore.nodestore.db: 2026-01-22 04:58:33.505+0000 - 8.000KiB
                                                                [system/00000000]   neostore.nodestore.db.id: 2026-01-22 19:39:54.901+0000 - 40.00KiB
                                                                [system/00000000]   neostore.nodestore.db.labels: 2026-01-22 04:58:33.504+0000 - 8.000KiB
                                                                [system/00000000]   neostore.nodestore.db.labels.id: 2026-01-22 19:39:54.852+0000 - 40.00KiB
                                                                [system/00000000]   neostore.propertystore.db: 2026-01-22 04:58:33.532+0000 - 8.000KiB
                                                                [system/00000000]   neostore.propertystore.db.arrays: 2026-01-22 04:58:33.531+0000 - 8.000KiB
                                                                [system/00000000]   neostore.propertystore.db.arrays.id: 2026-01-22 19:39:54.997+0000 - 40.00KiB
                                                                [system/00000000]   neostore.propertystore.db.id: 2026-01-22 19:39:55.020+0000 - 40.00KiB
                                                                [system/00000000]   neostore.propertystore.db.index: 2026-01-22 04:58:33.529+0000 - 8.000KiB
                                                                [system/00000000]   neostore.propertystore.db.index.id: 2026-01-22 19:39:54.947+0000 - 40.00KiB
                                                                [system/00000000]   neostore.propertystore.db.index.keys: 2026-01-22 04:58:33.505+0000 - 8.000KiB
                                                                [system/00000000]   neostore.propertystore.db.index.keys.id: 2026-01-22 19:39:54.927+0000 - 40.00KiB
                                                                [system/00000000]   neostore.propertystore.db.strings: 2026-01-22 04:58:33.530+0000 - 8.000KiB
                                                                [system/00000000]   neostore.propertystore.db.strings.id: 2026-01-22 19:39:54.960+0000 - 40.00KiB
                                                                [system/00000000]   neostore.relationshipgroupstore.db: 2026-01-22 04:58:33.537+0000 - 8.000KiB
                                                                [system/00000000]   neostore.relationshipgroupstore.db.id: 2026-01-22 19:39:55.160+0000 - 40.00KiB
                                                                [system/00000000]   neostore.relationshipgroupstore.degrees.db: 2026-01-22 19:39:55.240+0000 - 40.00KiB
                                                                [system/00000000]   neostore.relationshipstore.db: 2026-01-22 04:58:33.532+0000 - 8.000KiB
                                                                [system/00000000]   neostore.relationshipstore.db.id: 2026-01-22 19:39:55.042+0000 - 40.00KiB
                                                                [system/00000000]   neostore.relationshiptypestore.db: 2026-01-22 04:58:33.534+0000 - 8.000KiB
                                                                [system/00000000]   neostore.relationshiptypestore.db.id: 2026-01-22 19:39:55.090+0000 - 40.00KiB
                                                                [system/00000000]   neostore.relationshiptypestore.db.names: 2026-01-22 04:58:33.533+0000 - 8.000KiB
                                                                [system/00000000]   neostore.relationshiptypestore.db.names.id: 2026-01-22 19:39:55.069+0000 - 40.00KiB
                                                                [system/00000000]   neostore.schemastore.db: 2026-01-22 04:58:33.536+0000 - 8.000KiB
                                                                [system/00000000]   neostore.schemastore.db.id: 2026-01-22 19:39:55.147+0000 - 40.00KiB
                                                                [system/00000000]   schema:
                                                                [system/00000000]     index:
                                                                [system/00000000]       range-1.0:
                                                                [system/00000000]         3:
                                                                [system/00000000]           index-3: 2026-01-22 04:58:33.569+0000 - 48.00KiB
                                                                [system/00000000]         - Total: 2026-01-22 04:58:33.569+0000 - 48.00KiB
                                                                [system/00000000]         4:
                                                                [system/00000000]           index-4: 2026-01-22 04:58:33.570+0000 - 48.00KiB
                                                                [system/00000000]         - Total: 2026-01-22 04:58:33.570+0000 - 48.00KiB
                                                                [system/00000000]         7:
                                                                [system/00000000]           index-7: 2026-01-22 04:58:33.570+0000 - 48.00KiB
                                                                [system/00000000]         - Total: 2026-01-22 04:58:33.570+0000 - 48.00KiB
                                                                [system/00000000]         8:
                                                                [system/00000000]           index-8: 2026-01-22 04:58:33.571+0000 - 48.00KiB
                                                                [system/00000000]         - Total: 2026-01-22 04:58:33.570+0000 - 48.00KiB
                                                                [system/00000000]       - Total: 2026-01-22 04:58:33.570+0000 - 192.0KiB
                                                                [system/00000000]       token-lookup-1.0:
                                                                [system/00000000]         1:
                                                                [system/00000000]           index-1: 2026-01-22 04:58:33.568+0000 - 48.00KiB
                                                                [system/00000000]         - Total: 2026-01-22 04:58:33.541+0000 - 48.00KiB
                                                                [system/00000000]         2:
                                                                [system/00000000]           index-2: 2026-01-22 04:58:33.540+0000 - 48.00KiB
                                                                [system/00000000]         - Total: 2026-01-22 04:58:33.540+0000 - 48.00KiB
                                                                [system/00000000]       - Total: 2026-01-22 04:58:33.541+0000 - 96.00KiB
                                                                [system/00000000]     - Total: 2026-01-22 04:58:33.569+0000 - 288.0KiB
                                                                [system/00000000]   - Total: 2026-01-22 04:58:33.539+0000 - 288.0KiB
                                                                [system/00000000] Storage summary: 
                                                                [system/00000000]   Total size of store: 1.078MiB
                                                                [system/00000000]   Total size of mapped files: 408.0KiB
                                                                [system/00000000] 
                                                                [system/00000000] --------------------------------------------------------------------------------
                                                                [system/00000000]                               [ Transaction log ]                               
                                                                [system/00000000] --------------------------------------------------------------------------------
                                                                [system/00000000] Transaction log files stored on file store: ext4
                                                                [system/00000000] Transaction log metadata:
                                                                [system/00000000]  - current kernel version used in transactions: V5_12
                                                                [system/00000000]  - last committed transaction id: 37
                                                                [system/00000000] Transaction log files:
                                                                [system/00000000]  - existing transaction log versions: 0-0
                                                                [system/00000000]  - oldest transaction 2 found in log with version 0
                                                                [system/00000000]  - files: (filename : creation date - size)
                                                                [system/00000000]      neostore.transaction.db.0: 2026-01-22 04:58:53.463+0000 - 256.0MiB
                                                                [system/00000000]  - total size of files: 256.0MiB
                                                                [system/00000000] Checkpoint log files:
                                                                [system/00000000]  - existing checkpoint log versions: 0-0
                                                                [system/00000000]  - last checkpoint: CheckpointInfo[transactionLogPosition=LogPosition{logVersion=0, byteOffset=19725}, storeId=StoreId{creationTime=1768977631999, random=-4425982994550333849, storageEngineName='record', formatName='aligned', majorVersion=1, minorVersion=1}, checkpointEntryPosition=LogPosition{logVersion=0, byteOffset=592}, channelPositionAfterCheckpoint=LogPosition{logVersion=0, byteOffset=824}, checkpointFilePostReadPosition=LogPosition{logVersion=0, byteOffset=824}, kernelVersion=KernelVersion{V5_12,version=11}, kernelVersionByte=11, transactionId=TransactionId[transactionId=37, checksum=-2030162962, commitTimestamp=1768977638595, consensusIndex=-1], reason=Checkpoint triggered by "Database shutdown" @ txId: 37]
                                                                [system/00000000] 
                                                                [system/00000000] --------------------------------------------------------------------------------
                                                                [system/00000000]                                   [ Id usage ]                                  
                                                                [system/00000000] --------------------------------------------------------------------------------
                                                                [system/00000000] ArrayPropertyStore[neostore.nodestore.db.labels]: used=1 high=0
                                                                [system/00000000] NodeStore[neostore.nodestore.db]: used=6 high=5
                                                                [system/00000000] StringPropertyStore[neostore.propertystore.db.index.keys]: used=44 high=43
                                                                [system/00000000] PropertyIndexStore[neostore.propertystore.db.index]: used=31 high=30
                                                                [system/00000000] StringPropertyStore[neostore.propertystore.db.strings]: used=3 high=2
                                                                [system/00000000] ArrayPropertyStore[neostore.propertystore.db.arrays]: used=1 high=0
                                                                [system/00000000] PropertyStore[neostore.propertystore.db]: used=59 high=58
                                                                [system/00000000] RelationshipStore[neostore.relationshipstore.db]: used=2 high=1
                                                                [system/00000000] StringPropertyStore[neostore.relationshiptypestore.db.names]: used=2 high=1
                                                                [system/00000000] RelationshipTypeStore[neostore.relationshiptypestore.db]: used=1 high=0
                                                                [system/00000000] StringPropertyStore[neostore.labeltokenstore.db.names]: used=5 high=4
                                                                [system/00000000] LabelTokenStore[neostore.labeltokenstore.db]: used=4 high=3
                                                                [system/00000000] SchemaStore[neostore.schemastore.db]: used=11 high=10
                                                                [system/00000000] RelationshipGroupStore[neostore.relationshipgroupstore.db]: used=1 high=0
                                                                [system/00000000] NeoStore[neostore]: used=-1 high=-1
                                                                [system/00000000] 
                                                                [system/00000000] --------------------------------------------------------------------------------
                                                                [system/00000000]                                   [ Metadata ]                                  
                                                                [system/00000000] --------------------------------------------------------------------------------
                                                                [system/00000000] EXTERNAL_STORE_UUID (Database identifier exposed as external store identity. Generated on creation and never updated): f4ae5466-db90-4fb8-8476-36043cb760e9
                                                                [system/00000000] DATABASE_ID (The last used DatabaseId for this database): null
                                                                [system/00000000] LEGACY_STORE_VERSION (Legacy store format version. This field is used from 5.0 onwards only to distinguish non-migrated pre 5.0 metadata stores.): -3523014627327384477
                                                                [system/00000000] STORE_ID (Store ID): StoreId{creationTime=1768977631999, random=-4425982994550333849, storageEngineName='record', formatName='aligned', majorVersion=1, minorVersion=1}
                                                                [system/00000000] 
2026-01-22 19:39:55.683+0000 INFO  [o.n.k.i.i.s.TokenIndexProvider] [system/00000000] Schema index cleanup job registered: descriptor=Index( id=1, name='index_343aff4e', type='LOOKUP', schema=(:<any-labels>), indexProvider='token-lookup-1.0' ), indexFile=/data/databases/system/schema/index/token-lookup-1.0/1/index-1
2026-01-22 19:39:55.684+0000 INFO  [o.n.k.i.i.s.TokenIndexProvider] [system/00000000] Schema index cleanup job started: descriptor=Index( id=1, name='index_343aff4e', type='LOOKUP', schema=(:<any-labels>), indexProvider='token-lookup-1.0' ), indexFile=/data/databases/system/schema/index/token-lookup-1.0/1/index-1
2026-01-22 19:39:55.688+0000 INFO  [o.n.k.i.i.s.TokenIndexProvider] [system/00000000] Schema index cleanup job finished: descriptor=Index( id=1, name='index_343aff4e', type='LOOKUP', schema=(:<any-labels>), indexProvider='token-lookup-1.0' ), indexFile=/data/databases/system/schema/index/token-lookup-1.0/1/index-1 Number of pages visited: 3, Number of tree nodes: 2, Number of cleaned crashed pointers: 0, Time spent: 0ms
2026-01-22 19:39:55.688+0000 INFO  [o.n.k.i.i.s.TokenIndexProvider] [system/00000000] Schema index cleanup job closed: descriptor=Index( id=1, name='index_343aff4e', type='LOOKUP', schema=(:<any-labels>), indexProvider='token-lookup-1.0' ), indexFile=/data/databases/system/schema/index/token-lookup-1.0/1/index-1
2026-01-22 19:39:55.705+0000 INFO  [o.n.k.i.i.s.TokenIndexProvider] [system/00000000] Schema index cleanup job registered: descriptor=Index( id=2, name='index_f7700477', type='LOOKUP', schema=()-[:<any-types>]-(), indexProvider='token-lookup-1.0' ), indexFile=/data/databases/system/schema/index/token-lookup-1.0/2/index-2
2026-01-22 19:39:55.705+0000 INFO  [o.n.k.i.i.s.TokenIndexProvider] [system/00000000] Schema index cleanup job started: descriptor=Index( id=2, name='index_f7700477', type='LOOKUP', schema=()-[:<any-types>]-(), indexProvider='token-lookup-1.0' ), indexFile=/data/databases/system/schema/index/token-lookup-1.0/2/index-2
2026-01-22 19:39:55.706+0000 INFO  [o.n.k.i.i.s.TokenIndexProvider] [system/00000000] Schema index cleanup job finished: descriptor=Index( id=2, name='index_f7700477', type='LOOKUP', schema=()-[:<any-types>]-(), indexProvider='token-lookup-1.0' ), indexFile=/data/databases/system/schema/index/token-lookup-1.0/2/index-2 Number of pages visited: 3, Number of tree nodes: 2, Number of cleaned crashed pointers: 0, Time spent: 0ms
2026-01-22 19:39:55.707+0000 INFO  [o.n.k.i.i.s.TokenIndexProvider] [system/00000000] Schema index cleanup job closed: descriptor=Index( id=2, name='index_f7700477', type='LOOKUP', schema=()-[:<any-types>]-(), indexProvider='token-lookup-1.0' ), indexFile=/data/databases/system/schema/index/token-lookup-1.0/2/index-2
2026-01-22 19:39:55.737+0000 INFO  [o.n.k.i.i.s.RangeIndexProvider] [system/00000000] Schema index cleanup job registered: descriptor=Index( id=3, name='constraint_798238d6', type='RANGE', schema=(:Label[1] {PropertyKey[11], PropertyKey[12]}), indexProvider='range-1.0', owningConstraint=5 ), indexFile=/data/databases/system/schema/index/range-1.0/3/index-3
2026-01-22 19:39:55.737+0000 INFO  [o.n.k.i.i.s.RangeIndexProvider] [system/00000000] Schema index cleanup job started: descriptor=Index( id=3, name='constraint_798238d6', type='RANGE', schema=(:Label[1] {PropertyKey[11], PropertyKey[12]}), indexProvider='range-1.0', owningConstraint=5 ), indexFile=/data/databases/system/schema/index/range-1.0/3/index-3
2026-01-22 19:39:55.738+0000 INFO  [o.n.k.i.i.s.RangeIndexProvider] [system/00000000] Schema index cleanup job finished: descriptor=Index( id=3, name='constraint_798238d6', type='RANGE', schema=(:Label[1] {PropertyKey[11], PropertyKey[12]}), indexProvider='range-1.0', owningConstraint=5 ), indexFile=/data/databases/system/schema/index/range-1.0/3/index-3 Number of pages visited: 3, Number of tree nodes: 2, Number of cleaned crashed pointers: 0, Time spent: 0ms
2026-01-22 19:39:55.738+0000 INFO  [o.n.k.i.i.s.RangeIndexProvider] [system/00000000] Schema index cleanup job closed: descriptor=Index( id=3, name='constraint_798238d6', type='RANGE', schema=(:Label[1] {PropertyKey[11], PropertyKey[12]}), indexProvider='range-1.0', owningConstraint=5 ), indexFile=/data/databases/system/schema/index/range-1.0/3/index-3
2026-01-22 19:39:56.056+0000 INFO  [o.n.k.i.i.s.RangeIndexProvider] [system/00000000] Schema index cleanup job registered: descriptor=Index( id=4, name='constraint_8014b60a', type='RANGE', schema=(:Label[2] {PropertyKey[11]}), indexProvider='range-1.0', owningConstraint=6 ), indexFile=/data/databases/system/schema/index/range-1.0/4/index-4
2026-01-22 19:39:56.056+0000 INFO  [o.n.k.i.i.s.RangeIndexProvider] [system/00000000] Schema index cleanup job started: descriptor=Index( id=4, name='constraint_8014b60a', type='RANGE', schema=(:Label[2] {PropertyKey[11]}), indexProvider='range-1.0', owningConstraint=6 ), indexFile=/data/databases/system/schema/index/range-1.0/4/index-4
2026-01-22 19:39:56.058+0000 INFO  [o.n.k.i.i.s.RangeIndexProvider] [system/00000000] Schema index cleanup job finished: descriptor=Index( id=4, name='constraint_8014b60a', type='RANGE', schema=(:Label[2] {PropertyKey[11]}), indexProvider='range-1.0', owningConstraint=6 ), indexFile=/data/databases/system/schema/index/range-1.0/4/index-4 Number of pages visited: 3, Number of tree nodes: 2, Number of cleaned crashed pointers: 0, Time spent: 0ms
2026-01-22 19:39:56.058+0000 INFO  [o.n.k.i.i.s.RangeIndexProvider] [system/00000000] Schema index cleanup job closed: descriptor=Index( id=4, name='constraint_8014b60a', type='RANGE', schema=(:Label[2] {PropertyKey[11]}), indexProvider='range-1.0', owningConstraint=6 ), indexFile=/data/databases/system/schema/index/range-1.0/4/index-4
2026-01-22 19:39:56.080+0000 INFO  [o.n.k.i.i.s.RangeIndexProvider] [system/00000000] Schema index cleanup job registered: descriptor=Index( id=7, name='constraint_5789ae3', type='RANGE', schema=(:Label[3] {PropertyKey[11]}), indexProvider='range-1.0', owningConstraint=9 ), indexFile=/data/databases/system/schema/index/range-1.0/7/index-7
2026-01-22 19:39:56.081+0000 INFO  [o.n.k.i.i.s.RangeIndexProvider] [system/00000000] Schema index cleanup job started: descriptor=Index( id=7, name='constraint_5789ae3', type='RANGE', schema=(:Label[3] {PropertyKey[11]}), indexProvider='range-1.0', owningConstraint=9 ), indexFile=/data/databases/system/schema/index/range-1.0/7/index-7
2026-01-22 19:39:56.082+0000 INFO  [o.n.k.i.i.s.RangeIndexProvider] [system/00000000] Schema index cleanup job finished: descriptor=Index( id=7, name='constraint_5789ae3', type='RANGE', schema=(:Label[3] {PropertyKey[11]}), indexProvider='range-1.0', owningConstraint=9 ), indexFile=/data/databases/system/schema/index/range-1.0/7/index-7 Number of pages visited: 3, Number of tree nodes: 2, Number of cleaned crashed pointers: 0, Time spent: 0ms
2026-01-22 19:39:56.083+0000 INFO  [o.n.k.i.i.s.RangeIndexProvider] [system/00000000] Schema index cleanup job closed: descriptor=Index( id=7, name='constraint_5789ae3', type='RANGE', schema=(:Label[3] {PropertyKey[11]}), indexProvider='range-1.0', owningConstraint=9 ), indexFile=/data/databases/system/schema/index/range-1.0/7/index-7
2026-01-22 19:39:56.101+0000 INFO  [o.n.k.i.i.s.RangeIndexProvider] [system/00000000] Schema index cleanup job registered: descriptor=Index( id=8, name='constraint_74fad970', type='RANGE', schema=(:Label[3] {PropertyKey[26]}), indexProvider='range-1.0', owningConstraint=10 ), indexFile=/data/databases/system/schema/index/range-1.0/8/index-8
2026-01-22 19:39:56.101+0000 INFO  [o.n.k.i.i.s.RangeIndexProvider] [system/00000000] Schema index cleanup job started: descriptor=Index( id=8, name='constraint_74fad970', type='RANGE', schema=(:Label[3] {PropertyKey[26]}), indexProvider='range-1.0', owningConstraint=10 ), indexFile=/data/databases/system/schema/index/range-1.0/8/index-8
2026-01-22 19:39:56.102+0000 INFO  [o.n.k.i.a.i.IndexingService] [system/00000000] IndexingService.init: indexes not specifically mentioned above are ONLINE
2026-01-22 19:39:56.103+0000 INFO  [o.n.k.i.i.s.RangeIndexProvider] [system/00000000] Schema index cleanup job finished: descriptor=Index( id=8, name='constraint_74fad970', type='RANGE', schema=(:Label[3] {PropertyKey[26]}), indexProvider='range-1.0', owningConstraint=10 ), indexFile=/data/databases/system/schema/index/range-1.0/8/index-8 Number of pages visited: 3, Number of tree nodes: 2, Number of cleaned crashed pointers: 0, Time spent: 0ms
2026-01-22 19:39:56.103+0000 INFO  [o.n.k.i.i.s.RangeIndexProvider] [system/00000000] Schema index cleanup job closed: descriptor=Index( id=8, name='constraint_74fad970', type='RANGE', schema=(:Label[3] {PropertyKey[26]}), indexProvider='range-1.0', owningConstraint=10 ), indexFile=/data/databases/system/schema/index/range-1.0/8/index-8
2026-01-22 19:39:56.108+0000 INFO  [o.n.k.a.DatabaseAvailabilityGuard] [system/00000000] Requirement `Database unavailable` makes database system unavailable.
2026-01-22 19:39:56.109+0000 INFO  [o.n.k.a.DatabaseAvailabilityGuard] [system/00000000] DatabaseId{00000000[system]} is unavailable.
2026-01-22 19:39:56.149+0000 INFO  [o.n.k.d.Database] [system/00000000] Starting transaction log [/data/transactions/system/neostore.transaction.db.0] at version=0
2026-01-22 19:39:56.165+0000 INFO  [o.n.k.d.Database] [system/00000000] Starting transaction log [/data/transactions/system/checkpoint.0] at version=0
2026-01-22 19:39:56.167+0000 INFO  [o.n.k.i.t.l.f.c.CheckpointLogFile] [system/00000000] Scanning log file with version 0 for checkpoint entries
2026-01-22 19:39:56.183+0000 INFO  [o.n.k.i.a.i.IndexingService] [system/00000000] IndexingService.start: indexes not specifically mentioned above are ONLINE
2026-01-22 19:39:56.237+0000 INFO  [o.n.k.a.DatabaseAvailabilityGuard] [system/00000000] Fulfilling of requirement 'Database unavailable' makes database system available.
2026-01-22 19:39:56.238+0000 INFO  [o.n.k.a.DatabaseAvailabilityGuard] [system/00000000] DatabaseId{00000000[system]} is ready.
2026-01-22 19:39:56.456+0000 INFO  [o.n.s.s.s.UserSecurityGraphComponent] Performing postInitialization step for component 'security-users' with version 4 and status CURRENT
2026-01-22 19:39:56.457+0000 INFO  [o.n.s.s.s.UserSecurityGraphComponent] Updating the initial password in component 'security-users'
2026-01-22 19:39:56.486+0000 INFO  [o.n.d.d.DatabaseLifecycles] Creating 'DatabaseId{15786ded[neo4j]}'.
2026-01-22 19:39:56.491+0000 INFO  [o.n.d.d.DatabaseLifecycles] Starting 'DatabaseId{15786ded[neo4j]}'.
2026-01-22 19:39:56.590+0000 INFO  [o.n.k.i.t.l.f.c.CheckpointLogFile] [neo4j/15786ded] Scanning log file with version 0 for checkpoint entries
2026-01-22 19:39:56.674+0000 INFO  [o.n.k.i.s.f.RecordFormatSelector] [neo4j/15786ded] Selected RecordFormat:PageAlignedV5_0[aligned-1.1] record format from store /data/databases/neo4j
2026-01-22 19:39:56.674+0000 INFO  [o.n.k.i.s.f.RecordFormatSelector] [neo4j/15786ded] Selected format from the store files: RecordFormat:PageAlignedV5_0[aligned-1.1]
2026-01-22 19:39:57.126+0000 INFO  [o.n.i.d.DiagnosticsManager] [neo4j/15786ded] 
                                                                [neo4j/15786ded] ********************************************************************************
                                                                [neo4j/15786ded]                               [ Database: neo4j ]                               
                                                                [neo4j/15786ded] ********************************************************************************
                                                                [neo4j/15786ded] --------------------------------------------------------------------------------
                                                                [neo4j/15786ded]                                   [ Version ]                                   
                                                                [neo4j/15786ded] --------------------------------------------------------------------------------
                                                                [neo4j/15786ded] DBMS: community record-aligned-1.1
                                                                [neo4j/15786ded] Kernel version: 5.12.0
                                                                [neo4j/15786ded] 
                                                                [neo4j/15786ded] --------------------------------------------------------------------------------
                                                                [neo4j/15786ded]                                 [ Store files ]                                 
                                                                [neo4j/15786ded] --------------------------------------------------------------------------------
                                                                [neo4j/15786ded] Disk space on partition (Total / Free / Free %): 244459401216 / 18295955456 / 7
                                                                [neo4j/15786ded] Storage files stored on file store: ext4
                                                                [neo4j/15786ded] Storage files: (filename : modification date - size)
                                                                [neo4j/15786ded]   database_lock: 2026-01-22 04:58:33.592+0000 - 0B
                                                                [neo4j/15786ded]   id-buffer.tmp.0: 2026-01-22 04:58:33.571+0000 - 0B
                                                                [neo4j/15786ded]   neostore: 2026-01-22 04:58:33.578+0000 - 8.000KiB
                                                                [neo4j/15786ded]   neostore.counts.db: 2026-01-22 19:39:57.000+0000 - 40.00KiB
                                                                [neo4j/15786ded]   neostore.indexstats.db: 2026-01-22 19:39:57.035+0000 - 48.00KiB
                                                                [neo4j/15786ded]   neostore.labeltokenstore.db: 2026-01-22 04:58:33.577+0000 - 0B
                                                                [neo4j/15786ded]   neostore.labeltokenstore.db.id: 2026-01-22 19:39:56.938+0000 - 40.00KiB
                                                                [neo4j/15786ded]   neostore.labeltokenstore.db.names: 2026-01-22 04:58:33.576+0000 - 8.000KiB
                                                                [neo4j/15786ded]   neostore.labeltokenstore.db.names.id: 2026-01-22 19:39:56.924+0000 - 40.00KiB
                                                                [neo4j/15786ded]   neostore.nodestore.db: 2026-01-22 04:58:33.572+0000 - 0B
                                                                [neo4j/15786ded]   neostore.nodestore.db.id: 2026-01-22 19:39:56.713+0000 - 40.00KiB
                                                                [neo4j/15786ded]   neostore.nodestore.db.labels: 2026-01-22 04:58:33.571+0000 - 8.000KiB
                                                                [neo4j/15786ded]   neostore.nodestore.db.labels.id: 2026-01-22 19:39:56.698+0000 - 40.00KiB
                                                                [neo4j/15786ded]   neostore.propertystore.db: 2026-01-22 04:58:33.575+0000 - 8.000KiB
                                                                [neo4j/15786ded]   neostore.propertystore.db.arrays: 2026-01-22 04:58:33.574+0000 - 8.000KiB
                                                                [neo4j/15786ded]   neostore.propertystore.db.arrays.id: 2026-01-22 19:39:56.837+0000 - 40.00KiB
                                                                [neo4j/15786ded]   neostore.propertystore.db.id: 2026-01-22 19:39:56.856+0000 - 40.00KiB
                                                                [neo4j/15786ded]   neostore.propertystore.db.index: 2026-01-22 04:58:33.573+0000 - 8.000KiB
                                                                [neo4j/15786ded]   neostore.propertystore.db.index.id: 2026-01-22 19:39:56.744+0000 - 40.00KiB
                                                                [neo4j/15786ded]   neostore.propertystore.db.index.keys: 2026-01-22 04:58:33.572+0000 - 8.000KiB
                                                                [neo4j/15786ded]   neostore.propertystore.db.index.keys.id: 2026-01-22 19:39:56.723+0000 - 40.00KiB
                                                                [neo4j/15786ded]   neostore.propertystore.db.strings: 2026-01-22 04:58:33.573+0000 - 8.000KiB
                                                                [neo4j/15786ded]   neostore.propertystore.db.strings.id: 2026-01-22 19:39:56.770+0000 - 40.00KiB
                                                                [neo4j/15786ded]   neostore.relationshipgroupstore.db: 2026-01-22 04:58:33.578+0000 - 8.000KiB
                                                                [neo4j/15786ded]   neostore.relationshipgroupstore.db.id: 2026-01-22 19:39:56.973+0000 - 40.00KiB
                                                                [neo4j/15786ded]   neostore.relationshipgroupstore.degrees.db: 2026-01-22 19:39:57.012+0000 - 40.00KiB
                                                                [neo4j/15786ded]   neostore.relationshipstore.db: 2026-01-22 04:58:33.575+0000 - 0B
                                                                [neo4j/15786ded]   neostore.relationshipstore.db.id: 2026-01-22 19:39:56.879+0000 - 40.00KiB
                                                                [neo4j/15786ded]   neostore.relationshiptypestore.db: 2026-01-22 04:58:33.576+0000 - 0B
                                                                [neo4j/15786ded]   neostore.relationshiptypestore.db.id: 2026-01-22 19:39:56.904+0000 - 40.00KiB
                                                                [neo4j/15786ded]   neostore.relationshiptypestore.db.names: 2026-01-22 04:58:33.575+0000 - 8.000KiB
                                                                [neo4j/15786ded]   neostore.relationshiptypestore.db.names.id: 2026-01-22 19:39:56.896+0000 - 40.00KiB
                                                                [neo4j/15786ded]   neostore.schemastore.db: 2026-01-22 04:58:33.577+0000 - 8.000KiB
                                                                [neo4j/15786ded]   neostore.schemastore.db.id: 2026-01-22 19:39:56.953+0000 - 40.00KiB
                                                                [neo4j/15786ded]   schema:
                                                                [neo4j/15786ded]     index:
                                                                [neo4j/15786ded]       token-lookup-1.0:
                                                                [neo4j/15786ded]         1:
                                                                [neo4j/15786ded]           index-1: 2026-01-22 04:58:33.608+0000 - 40.00KiB
                                                                [neo4j/15786ded]         - Total: 2026-01-22 04:58:33.598+0000 - 40.00KiB
                                                                [neo4j/15786ded]         2:
                                                                [neo4j/15786ded]           index-2: 2026-01-22 04:58:33.598+0000 - 40.00KiB
                                                                [neo4j/15786ded]         - Total: 2026-01-22 04:58:33.593+0000 - 40.00KiB
                                                                [neo4j/15786ded]       - Total: 2026-01-22 04:58:33.598+0000 - 80.00KiB
                                                                [neo4j/15786ded]     - Total: 2026-01-22 04:58:33.593+0000 - 80.00KiB
                                                                [neo4j/15786ded]   - Total: 2026-01-22 04:58:33.593+0000 - 80.00KiB
                                                                [neo4j/15786ded] Storage summary: 
                                                                [neo4j/15786ded]   Total size of store: 856.0KiB
                                                                [neo4j/15786ded]   Total size of mapped files: 168.0KiB
                                                                [neo4j/15786ded] 
                                                                [neo4j/15786ded] --------------------------------------------------------------------------------
                                                                [neo4j/15786ded]                               [ Transaction log ]                               
                                                                [neo4j/15786ded] --------------------------------------------------------------------------------
                                                                [neo4j/15786ded] Transaction log files stored on file store: ext4
                                                                [neo4j/15786ded] Transaction log metadata:
                                                                [neo4j/15786ded]  - current kernel version used in transactions: V5_12
                                                                [neo4j/15786ded]  - last committed transaction id: 3
                                                                [neo4j/15786ded] Transaction log files:
                                                                [neo4j/15786ded]  - existing transaction log versions: 0-0
                                                                [neo4j/15786ded]  - oldest transaction 2 found in log with version 0
                                                                [neo4j/15786ded]  - files: (filename : creation date - size)
                                                                [neo4j/15786ded]      neostore.transaction.db.0: 2026-01-22 04:59:11.849+0000 - 256.0MiB
                                                                [neo4j/15786ded]  - total size of files: 256.0MiB
                                                                [neo4j/15786ded] Checkpoint log files:
                                                                [neo4j/15786ded]  - existing checkpoint log versions: 0-0
                                                                [neo4j/15786ded]  - last checkpoint: CheckpointInfo[transactionLogPosition=LogPosition{logVersion=0, byteOffset=3222}, storeId=StoreId{creationTime=1768977639299, random=7573352963259551515, storageEngineName='record', formatName='aligned', majorVersion=1, minorVersion=1}, checkpointEntryPosition=LogPosition{logVersion=0, byteOffset=360}, channelPositionAfterCheckpoint=LogPosition{logVersion=0, byteOffset=592}, checkpointFilePostReadPosition=LogPosition{logVersion=0, byteOffset=592}, kernelVersion=KernelVersion{V5_12,version=11}, kernelVersionByte=11, transactionId=TransactionId[transactionId=3, checksum=2110691727, commitTimestamp=1768977639857, consensusIndex=-1], reason=Checkpoint triggered by "Database shutdown" @ txId: 3]
                                                                [neo4j/15786ded] 
                                                                [neo4j/15786ded] --------------------------------------------------------------------------------
                                                                [neo4j/15786ded]                                   [ Id usage ]                                  
                                                                [neo4j/15786ded] --------------------------------------------------------------------------------
                                                                [neo4j/15786ded] ArrayPropertyStore[neostore.nodestore.db.labels]: used=1 high=0
                                                                [neo4j/15786ded] NodeStore[neostore.nodestore.db]: used=0 high=-1
                                                                [neo4j/15786ded] StringPropertyStore[neostore.propertystore.db.index.keys]: used=20 high=19
                                                                [neo4j/15786ded] PropertyIndexStore[neostore.propertystore.db.index]: used=10 high=9
                                                                [neo4j/15786ded] StringPropertyStore[neostore.propertystore.db.strings]: used=1 high=0
                                                                [neo4j/15786ded] ArrayPropertyStore[neostore.propertystore.db.arrays]: used=1 high=0
                                                                [neo4j/15786ded] PropertyStore[neostore.propertystore.db]: used=8 high=7
                                                                [neo4j/15786ded] RelationshipStore[neostore.relationshipstore.db]: used=0 high=-1
                                                                [neo4j/15786ded] StringPropertyStore[neostore.relationshiptypestore.db.names]: used=1 high=0
                                                                [neo4j/15786ded] RelationshipTypeStore[neostore.relationshiptypestore.db]: used=0 high=-1
                                                                [neo4j/15786ded] StringPropertyStore[neostore.labeltokenstore.db.names]: used=1 high=0
                                                                [neo4j/15786ded] LabelTokenStore[neostore.labeltokenstore.db]: used=0 high=-1
                                                                [neo4j/15786ded] SchemaStore[neostore.schemastore.db]: used=3 high=2
                                                                [neo4j/15786ded] RelationshipGroupStore[neostore.relationshipgroupstore.db]: used=1 high=0
                                                                [neo4j/15786ded] NeoStore[neostore]: used=-1 high=-1
                                                                [neo4j/15786ded] 
                                                                [neo4j/15786ded] --------------------------------------------------------------------------------
                                                                [neo4j/15786ded]                                   [ Metadata ]                                  
                                                                [neo4j/15786ded] --------------------------------------------------------------------------------
                                                                [neo4j/15786ded] EXTERNAL_STORE_UUID (Database identifier exposed as external store identity. Generated on creation and never updated): b6830536-a43a-45d8-a73c-c91067d80817
                                                                [neo4j/15786ded] DATABASE_ID (The last used DatabaseId for this database): null
                                                                [neo4j/15786ded] LEGACY_STORE_VERSION (Legacy store format version. This field is used from 5.0 onwards only to distinguish non-migrated pre 5.0 metadata stores.): -3523014627327384477
                                                                [neo4j/15786ded] STORE_ID (Store ID): StoreId{creationTime=1768977639299, random=7573352963259551515, storageEngineName='record', formatName='aligned', majorVersion=1, minorVersion=1}
                                                                [neo4j/15786ded] 
2026-01-22 19:39:57.147+0000 INFO  [o.n.k.i.i.s.TokenIndexProvider] [neo4j/15786ded] Schema index cleanup job registered: descriptor=Index( id=1, name='index_343aff4e', type='LOOKUP', schema=(:<any-labels>), indexProvider='token-lookup-1.0' ), indexFile=/data/databases/neo4j/schema/index/token-lookup-1.0/1/index-1
2026-01-22 19:39:57.148+0000 INFO  [o.n.k.i.i.s.TokenIndexProvider] [neo4j/15786ded] Schema index cleanup job started: descriptor=Index( id=1, name='index_343aff4e', type='LOOKUP', schema=(:<any-labels>), indexProvider='token-lookup-1.0' ), indexFile=/data/databases/neo4j/schema/index/token-lookup-1.0/1/index-1
2026-01-22 19:39:57.149+0000 INFO  [o.n.k.i.i.s.TokenIndexProvider] [neo4j/15786ded] Schema index cleanup job finished: descriptor=Index( id=1, name='index_343aff4e', type='LOOKUP', schema=(:<any-labels>), indexProvider='token-lookup-1.0' ), indexFile=/data/databases/neo4j/schema/index/token-lookup-1.0/1/index-1 Number of pages visited: 2, Number of tree nodes: 1, Number of cleaned crashed pointers: 0, Time spent: 0ms
2026-01-22 19:39:57.150+0000 INFO  [o.n.k.i.i.s.TokenIndexProvider] [neo4j/15786ded] Schema index cleanup job closed: descriptor=Index( id=1, name='index_343aff4e', type='LOOKUP', schema=(:<any-labels>), indexProvider='token-lookup-1.0' ), indexFile=/data/databases/neo4j/schema/index/token-lookup-1.0/1/index-1
2026-01-22 19:39:57.168+0000 INFO  [o.n.k.i.i.s.TokenIndexProvider] [neo4j/15786ded] Schema index cleanup job registered: descriptor=Index( id=2, name='index_f7700477', type='LOOKUP', schema=()-[:<any-types>]-(), indexProvider='token-lookup-1.0' ), indexFile=/data/databases/neo4j/schema/index/token-lookup-1.0/2/index-2
2026-01-22 19:39:57.169+0000 INFO  [o.n.k.i.a.i.IndexingService] [neo4j/15786ded] IndexingService.init: indexes not specifically mentioned above are ONLINE
2026-01-22 19:39:57.169+0000 INFO  [o.n.k.i.i.s.TokenIndexProvider] [neo4j/15786ded] Schema index cleanup job started: descriptor=Index( id=2, name='index_f7700477', type='LOOKUP', schema=()-[:<any-types>]-(), indexProvider='token-lookup-1.0' ), indexFile=/data/databases/neo4j/schema/index/token-lookup-1.0/2/index-2
2026-01-22 19:39:57.171+0000 INFO  [o.n.k.i.i.s.TokenIndexProvider] [neo4j/15786ded] Schema index cleanup job finished: descriptor=Index( id=2, name='index_f7700477', type='LOOKUP', schema=()-[:<any-types>]-(), indexProvider='token-lookup-1.0' ), indexFile=/data/databases/neo4j/schema/index/token-lookup-1.0/2/index-2 Number of pages visited: 2, Number of tree nodes: 1, Number of cleaned crashed pointers: 0, Time spent: 1ms
2026-01-22 19:39:57.171+0000 INFO  [o.n.k.i.i.s.TokenIndexProvider] [neo4j/15786ded] Schema index cleanup job closed: descriptor=Index( id=2, name='index_f7700477', type='LOOKUP', schema=()-[:<any-types>]-(), indexProvider='token-lookup-1.0' ), indexFile=/data/databases/neo4j/schema/index/token-lookup-1.0/2/index-2
2026-01-22 19:39:57.171+0000 INFO  [o.n.k.a.DatabaseAvailabilityGuard] [neo4j/15786ded] Requirement `Database unavailable` makes database neo4j unavailable.
2026-01-22 19:39:57.172+0000 INFO  [o.n.k.a.DatabaseAvailabilityGuard] [neo4j/15786ded] DatabaseId{15786ded[neo4j]} is unavailable.
2026-01-22 19:39:57.175+0000 INFO  [o.n.k.d.Database] [neo4j/15786ded] Starting transaction log [/data/transactions/neo4j/neostore.transaction.db.0] at version=0
2026-01-22 19:39:57.177+0000 INFO  [o.n.k.d.Database] [neo4j/15786ded] Starting transaction log [/data/transactions/neo4j/checkpoint.0] at version=0
2026-01-22 19:39:57.178+0000 INFO  [o.n.k.i.t.l.f.c.CheckpointLogFile] [neo4j/15786ded] Scanning log file with version 0 for checkpoint entries
2026-01-22 19:39:57.184+0000 INFO  [o.n.k.i.a.i.IndexingService] [neo4j/15786ded] IndexingService.start: indexes not specifically mentioned above are ONLINE
2026-01-22 19:39:57.187+0000 INFO  [o.n.k.a.DatabaseAvailabilityGuard] [neo4j/15786ded] Fulfilling of requirement 'Database unavailable' makes database neo4j available.
2026-01-22 19:39:57.187+0000 INFO  [o.n.k.a.DatabaseAvailabilityGuard] [neo4j/15786ded] DatabaseId{15786ded[neo4j]} is ready.
2026-01-22 19:39:57.552+0000 INFO  [o.n.b.p.c.c.n.SocketNettyConnector] Bolt enabled on 0.0.0.0:7687.
2026-01-22 19:39:57.552+0000 INFO  [o.n.b.BoltServer] Bolt server started
2026-01-22 19:39:57.553+0000 INFO  [o.n.s.A.ServerComponentsLifecycleAdapter] Starting web server
2026-01-22 19:39:59.202+0000 INFO  [o.n.s.CommunityNeoWebServer] HTTP enabled on 0.0.0.0:7474.
2026-01-22 19:39:59.204+0000 INFO  [o.n.s.CommunityNeoWebServer] Remote interface available at http://localhost:7474/
2026-01-22 19:39:59.204+0000 INFO  [o.n.s.A.ServerComponentsLifecycleAdapter] Web server started.
2026-01-22 19:39:59.209+0000 INFO  [o.n.g.f.DatabaseManagementServiceFactory] id: 38C04334E1627A6F3635771B9BD157E449FB6808BDCBF5AC62254B43A31C94D2
2026-01-22 19:39:59.210+0000 INFO  [o.n.g.f.DatabaseManagementServiceFactory] name: system
2026-01-22 19:39:59.211+0000 INFO  [o.n.g.f.DatabaseManagementServiceFactory] creationDate: 2026-01-21T06:40:31.999Z
